<?xml version="1.0" encoding="UTF-8"?>
<testsuite xmlns:xsi="http://www.w3.org/2001/XMLSchema-instance" xsi:noNamespaceSchemaLocation="https://maven.apache.org/surefire/maven-surefire-plugin/xsd/surefire-test-report-3.0.xsd" version="3.0" name="com.aicareercoach.AiCareerCoachApplicationTests" time="11.013" tests="1" errors="0" skipped="0" failures="0">
  <properties>
    <property name="java.specification.version" value="21"/>
    <property name="sun.cpu.isalist" value="amd64"/>
    <property name="sun.jnu.encoding" value="Cp1252"/>
    <property name="java.class.path" value="C:\Users\somas\Desktop\AI Career Coach\backend\target\test-classes;C:\Users\somas\Desktop\AI Career Coach\backend\target\classes;C:\Users\somas\.m2\repository\org\springframework\boot\spring-boot-starter-web\3.2.0\spring-boot-starter-web-3.2.0.jar;C:\Users\somas\.m2\repository\org\springframework\boot\spring-boot-starter\3.2.0\spring-boot-starter-3.2.0.jar;C:\Users\somas\.m2\repository\org\springframework\boot\spring-boot-starter-logging\3.2.0\spring-boot-starter-logging-3.2.0.jar;C:\Users\somas\.m2\repository\ch\qos\logback\logback-classic\1.4.11\logback-classic-1.4.11.jar;C:\Users\somas\.m2\repository\ch\qos\logback\logback-core\1.4.11\logback-core-1.4.11.jar;C:\Users\somas\.m2\repository\org\apache\logging\log4j\log4j-to-slf4j\2.21.1\log4j-to-slf4j-2.21.1.jar;C:\Users\somas\.m2\repository\org\apache\logging\log4j\log4j-api\2.21.1\log4j-api-2.21.1.jar;C:\Users\somas\.m2\repository\org\slf4j\jul-to-slf4j\2.0.9\jul-to-slf4j-2.0.9.jar;C:\Users\somas\.m2\repository\jakarta\annotation\jakarta.annotation-api\2.1.1\jakarta.annotation-api-2.1.1.jar;C:\Users\somas\.m2\repository\org\yaml\snakeyaml\2.2\snakeyaml-2.2.jar;C:\Users\somas\.m2\repository\org\springframework\boot\spring-boot-starter-json\3.2.0\spring-boot-starter-json-3.2.0.jar;C:\Users\somas\.m2\repository\com\fasterxml\jackson\datatype\jackson-datatype-jdk8\2.15.3\jackson-datatype-jdk8-2.15.3.jar;C:\Users\somas\.m2\repository\com\fasterxml\jackson\datatype\jackson-datatype-jsr310\2.15.3\jackson-datatype-jsr310-2.15.3.jar;C:\Users\somas\.m2\repository\com\fasterxml\jackson\module\jackson-module-parameter-names\2.15.3\jackson-module-parameter-names-2.15.3.jar;C:\Users\somas\.m2\repository\org\springframework\boot\spring-boot-starter-tomcat\3.2.0\spring-boot-starter-tomcat-3.2.0.jar;C:\Users\somas\.m2\repository\org\apache\tomcat\embed\tomcat-embed-core\10.1.16\tomcat-embed-core-10.1.16.jar;C:\Users\somas\.m2\repository\org\apache\tomcat\embed\tomcat-embed-websocket\10.1.16\tomcat-embed-websocket-10.1.16.jar;C:\Users\somas\.m2\repository\org\springframework\spring-web\6.1.1\spring-web-6.1.1.jar;C:\Users\somas\.m2\repository\org\springframework\spring-beans\6.1.1\spring-beans-6.1.1.jar;C:\Users\somas\.m2\repository\io\micrometer\micrometer-observation\1.12.0\micrometer-observation-1.12.0.jar;C:\Users\somas\.m2\repository\io\micrometer\micrometer-commons\1.12.0\micrometer-commons-1.12.0.jar;C:\Users\somas\.m2\repository\org\springframework\spring-webmvc\6.1.1\spring-webmvc-6.1.1.jar;C:\Users\somas\.m2\repository\org\springframework\spring-context\6.1.1\spring-context-6.1.1.jar;C:\Users\somas\.m2\repository\org\springframework\spring-expression\6.1.1\spring-expression-6.1.1.jar;C:\Users\somas\.m2\repository\org\springframework\boot\spring-boot-starter-data-jpa\3.2.0\spring-boot-starter-data-jpa-3.2.0.jar;C:\Users\somas\.m2\repository\org\springframework\boot\spring-boot-starter-aop\3.2.0\spring-boot-starter-aop-3.2.0.jar;C:\Users\somas\.m2\repository\org\aspectj\aspectjweaver\1.9.20.1\aspectjweaver-1.9.20.1.jar;C:\Users\somas\.m2\repository\org\springframework\boot\spring-boot-starter-jdbc\3.2.0\spring-boot-starter-jdbc-3.2.0.jar;C:\Users\somas\.m2\repository\com\zaxxer\HikariCP\5.0.1\HikariCP-5.0.1.jar;C:\Users\somas\.m2\repository\org\springframework\spring-jdbc\6.1.1\spring-jdbc-6.1.1.jar;C:\Users\somas\.m2\repository\org\hibernate\orm\hibernate-core\6.3.1.Final\hibernate-core-6.3.1.Final.jar;C:\Users\somas\.m2\repository\jakarta\persistence\jakarta.persistence-api\3.1.0\jakarta.persistence-api-3.1.0.jar;C:\Users\somas\.m2\repository\jakarta\transaction\jakarta.transaction-api\2.0.1\jakarta.transaction-api-2.0.1.jar;C:\Users\somas\.m2\repository\org\jboss\logging\jboss-logging\3.5.3.Final\jboss-logging-3.5.3.Final.jar;C:\Users\somas\.m2\repository\org\hibernate\common\hibernate-commons-annotations\6.0.6.Final\hibernate-commons-annotations-6.0.6.Final.jar;C:\Users\somas\.m2\repository\io\smallrye\jandex\3.1.2\jandex-3.1.2.jar;C:\Users\somas\.m2\repository\com\fasterxml\classmate\1.6.0\classmate-1.6.0.jar;C:\Users\somas\.m2\repository\net\bytebuddy\byte-buddy\1.14.10\byte-buddy-1.14.10.jar;C:\Users\somas\.m2\repository\org\glassfish\jaxb\jaxb-runtime\4.0.4\jaxb-runtime-4.0.4.jar;C:\Users\somas\.m2\repository\org\glassfish\jaxb\jaxb-core\4.0.4\jaxb-core-4.0.4.jar;C:\Users\somas\.m2\repository\org\glassfish\jaxb\txw2\4.0.4\txw2-4.0.4.jar;C:\Users\somas\.m2\repository\com\sun\istack\istack-commons-runtime\4.1.2\istack-commons-runtime-4.1.2.jar;C:\Users\somas\.m2\repository\jakarta\inject\jakarta.inject-api\2.0.1\jakarta.inject-api-2.0.1.jar;C:\Users\somas\.m2\repository\org\antlr\antlr4-runtime\4.10.1\antlr4-runtime-4.10.1.jar;C:\Users\somas\.m2\repository\org\springframework\data\spring-data-jpa\3.2.0\spring-data-jpa-3.2.0.jar;C:\Users\somas\.m2\repository\org\springframework\data\spring-data-commons\3.2.0\spring-data-commons-3.2.0.jar;C:\Users\somas\.m2\repository\org\springframework\spring-orm\6.1.1\spring-orm-6.1.1.jar;C:\Users\somas\.m2\repository\org\springframework\spring-tx\6.1.1\spring-tx-6.1.1.jar;C:\Users\somas\.m2\repository\org\slf4j\slf4j-api\2.0.9\slf4j-api-2.0.9.jar;C:\Users\somas\.m2\repository\org\springframework\spring-aspects\6.1.1\spring-aspects-6.1.1.jar;C:\Users\somas\.m2\repository\org\springframework\boot\spring-boot-starter-security\3.2.0\spring-boot-starter-security-3.2.0.jar;C:\Users\somas\.m2\repository\org\springframework\spring-aop\6.1.1\spring-aop-6.1.1.jar;C:\Users\somas\.m2\repository\org\springframework\security\spring-security-config\6.2.0\spring-security-config-6.2.0.jar;C:\Users\somas\.m2\repository\org\springframework\security\spring-security-web\6.2.0\spring-security-web-6.2.0.jar;C:\Users\somas\.m2\repository\org\springframework\boot\spring-boot-starter-validation\3.2.0\spring-boot-starter-validation-3.2.0.jar;C:\Users\somas\.m2\repository\org\apache\tomcat\embed\tomcat-embed-el\10.1.16\tomcat-embed-el-10.1.16.jar;C:\Users\somas\.m2\repository\org\hibernate\validator\hibernate-validator\8.0.1.Final\hibernate-validator-8.0.1.Final.jar;C:\Users\somas\.m2\repository\jakarta\validation\jakarta.validation-api\3.0.2\jakarta.validation-api-3.0.2.jar;C:\Users\somas\.m2\repository\org\springframework\boot\spring-boot-starter-mail\3.2.0\spring-boot-starter-mail-3.2.0.jar;C:\Users\somas\.m2\repository\org\springframework\spring-context-support\6.1.1\spring-context-support-6.1.1.jar;C:\Users\somas\.m2\repository\org\eclipse\angus\jakarta.mail\2.0.2\jakarta.mail-2.0.2.jar;C:\Users\somas\.m2\repository\jakarta\activation\jakarta.activation-api\2.1.2\jakarta.activation-api-2.1.2.jar;C:\Users\somas\.m2\repository\org\eclipse\angus\angus-activation\2.0.1\angus-activation-2.0.1.jar;C:\Users\somas\.m2\repository\com\h2database\h2\2.2.224\h2-2.2.224.jar;C:\Users\somas\.m2\repository\org\postgresql\postgresql\42.6.0\postgresql-42.6.0.jar;C:\Users\somas\.m2\repository\org\checkerframework\checker-qual\3.31.0\checker-qual-3.31.0.jar;C:\Users\somas\.m2\repository\io\jsonwebtoken\jjwt-api\0.11.5\jjwt-api-0.11.5.jar;C:\Users\somas\.m2\repository\io\jsonwebtoken\jjwt-impl\0.11.5\jjwt-impl-0.11.5.jar;C:\Users\somas\.m2\repository\io\jsonwebtoken\jjwt-jackson\0.11.5\jjwt-jackson-0.11.5.jar;C:\Users\somas\.m2\repository\org\springdoc\springdoc-openapi-starter-webmvc-ui\2.2.0\springdoc-openapi-starter-webmvc-ui-2.2.0.jar;C:\Users\somas\.m2\repository\org\springdoc\springdoc-openapi-starter-webmvc-api\2.2.0\springdoc-openapi-starter-webmvc-api-2.2.0.jar;C:\Users\somas\.m2\repository\org\springdoc\springdoc-openapi-starter-common\2.2.0\springdoc-openapi-starter-common-2.2.0.jar;C:\Users\somas\.m2\repository\io\swagger\core\v3\swagger-core-jakarta\2.2.15\swagger-core-jakarta-2.2.15.jar;C:\Users\somas\.m2\repository\io\swagger\core\v3\swagger-annotations-jakarta\2.2.15\swagger-annotations-jakarta-2.2.15.jar;C:\Users\somas\.m2\repository\io\swagger\core\v3\swagger-models-jakarta\2.2.15\swagger-models-jakarta-2.2.15.jar;C:\Users\somas\.m2\repository\com\fasterxml\jackson\dataformat\jackson-dataformat-yaml\2.15.3\jackson-dataformat-yaml-2.15.3.jar;C:\Users\somas\.m2\repository\org\webjars\swagger-ui\5.2.0\swagger-ui-5.2.0.jar;C:\Users\somas\.m2\repository\org\apache\commons\commons-lang3\3.13.0\commons-lang3-3.13.0.jar;C:\Users\somas\.m2\repository\com\fasterxml\jackson\core\jackson-databind\2.15.3\jackson-databind-2.15.3.jar;C:\Users\somas\.m2\repository\com\fasterxml\jackson\core\jackson-annotations\2.15.3\jackson-annotations-2.15.3.jar;C:\Users\somas\.m2\repository\com\fasterxml\jackson\core\jackson-core\2.15.3\jackson-core-2.15.3.jar;C:\Users\somas\.m2\repository\org\springframework\boot\spring-boot-starter-test\3.2.0\spring-boot-starter-test-3.2.0.jar;C:\Users\somas\.m2\repository\org\springframework\boot\spring-boot-test\3.2.0\spring-boot-test-3.2.0.jar;C:\Users\somas\.m2\repository\org\springframework\boot\spring-boot-test-autoconfigure\3.2.0\spring-boot-test-autoconfigure-3.2.0.jar;C:\Users\somas\.m2\repository\com\jayway\jsonpath\json-path\2.8.0\json-path-2.8.0.jar;C:\Users\somas\.m2\repository\jakarta\xml\bind\jakarta.xml.bind-api\4.0.1\jakarta.xml.bind-api-4.0.1.jar;C:\Users\somas\.m2\repository\net\minidev\json-smart\2.5.0\json-smart-2.5.0.jar;C:\Users\somas\.m2\repository\net\minidev\accessors-smart\2.5.0\accessors-smart-2.5.0.jar;C:\Users\somas\.m2\repository\org\ow2\asm\asm\9.3\asm-9.3.jar;C:\Users\somas\.m2\repository\org\assertj\assertj-core\3.24.2\assertj-core-3.24.2.jar;C:\Users\somas\.m2\repository\org\awaitility\awaitility\4.2.0\awaitility-4.2.0.jar;C:\Users\somas\.m2\repository\org\hamcrest\hamcrest\2.2\hamcrest-2.2.jar;C:\Users\somas\.m2\repository\org\junit\jupiter\junit-jupiter\5.10.1\junit-jupiter-5.10.1.jar;C:\Users\somas\.m2\repository\org\junit\jupiter\junit-jupiter-api\5.10.1\junit-jupiter-api-5.10.1.jar;C:\Users\somas\.m2\repository\org\opentest4j\opentest4j\1.3.0\opentest4j-1.3.0.jar;C:\Users\somas\.m2\repository\org\junit\platform\junit-platform-commons\1.10.1\junit-platform-commons-1.10.1.jar;C:\Users\somas\.m2\repository\org\apiguardian\apiguardian-api\1.1.2\apiguardian-api-1.1.2.jar;C:\Users\somas\.m2\repository\org\junit\jupiter\junit-jupiter-params\5.10.1\junit-jupiter-params-5.10.1.jar;C:\Users\somas\.m2\repository\org\junit\jupiter\junit-jupiter-engine\5.10.1\junit-jupiter-engine-5.10.1.jar;C:\Users\somas\.m2\repository\org\junit\platform\junit-platform-engine\1.10.1\junit-platform-engine-1.10.1.jar;C:\Users\somas\.m2\repository\org\mockito\mockito-core\5.7.0\mockito-core-5.7.0.jar;C:\Users\somas\.m2\repository\net\bytebuddy\byte-buddy-agent\1.14.10\byte-buddy-agent-1.14.10.jar;C:\Users\somas\.m2\repository\org\objenesis\objenesis\3.3\objenesis-3.3.jar;C:\Users\somas\.m2\repository\org\mockito\mockito-junit-jupiter\5.7.0\mockito-junit-jupiter-5.7.0.jar;C:\Users\somas\.m2\repository\org\skyscreamer\jsonassert\1.5.1\jsonassert-1.5.1.jar;C:\Users\somas\.m2\repository\com\vaadin\external\google\android-json\0.0.20131108.vaadin1\android-json-0.0.20131108.vaadin1.jar;C:\Users\somas\.m2\repository\org\springframework\spring-core\6.1.1\spring-core-6.1.1.jar;C:\Users\somas\.m2\repository\org\springframework\spring-jcl\6.1.1\spring-jcl-6.1.1.jar;C:\Users\somas\.m2\repository\org\springframework\spring-test\6.1.1\spring-test-6.1.1.jar;C:\Users\somas\.m2\repository\org\xmlunit\xmlunit-core\2.9.1\xmlunit-core-2.9.1.jar;C:\Users\somas\.m2\repository\org\springframework\security\spring-security-test\6.2.0\spring-security-test-6.2.0.jar;C:\Users\somas\.m2\repository\org\springframework\security\spring-security-core\6.2.0\spring-security-core-6.2.0.jar;C:\Users\somas\.m2\repository\org\springframework\security\spring-security-crypto\6.2.0\spring-security-crypto-6.2.0.jar;C:\Users\somas\.m2\repository\org\testcontainers\postgresql\1.19.3\postgresql-1.19.3.jar;C:\Users\somas\.m2\repository\org\testcontainers\jdbc\1.19.3\jdbc-1.19.3.jar;C:\Users\somas\.m2\repository\org\testcontainers\database-commons\1.19.3\database-commons-1.19.3.jar;C:\Users\somas\.m2\repository\org\testcontainers\junit-jupiter\1.19.3\junit-jupiter-1.19.3.jar;C:\Users\somas\.m2\repository\org\testcontainers\testcontainers\1.19.3\testcontainers-1.19.3.jar;C:\Users\somas\.m2\repository\junit\junit\4.13.2\junit-4.13.2.jar;C:\Users\somas\.m2\repository\org\hamcrest\hamcrest-core\2.2\hamcrest-core-2.2.jar;C:\Users\somas\.m2\repository\org\apache\commons\commons-compress\1.24.0\commons-compress-1.24.0.jar;C:\Users\somas\.m2\repository\org\rnorth\duct-tape\duct-tape\1.0.8\duct-tape-1.0.8.jar;C:\Users\somas\.m2\repository\org\jetbrains\annotations\17.0.0\annotations-17.0.0.jar;C:\Users\somas\.m2\repository\com\github\docker-java\docker-java-api\3.3.4\docker-java-api-3.3.4.jar;C:\Users\somas\.m2\repository\com\github\docker-java\docker-java-transport-zerodep\3.3.4\docker-java-transport-zerodep-3.3.4.jar;C:\Users\somas\.m2\repository\com\github\docker-java\docker-java-transport\3.3.4\docker-java-transport-3.3.4.jar;C:\Users\somas\.m2\repository\net\java\dev\jna\jna\5.13.0\jna-5.13.0.jar;C:\Users\somas\.m2\repository\org\springframework\boot\spring-boot-devtools\3.2.0\spring-boot-devtools-3.2.0.jar;C:\Users\somas\.m2\repository\org\springframework\boot\spring-boot\3.2.0\spring-boot-3.2.0.jar;C:\Users\somas\.m2\repository\org\springframework\boot\spring-boot-autoconfigure\3.2.0\spring-boot-autoconfigure-3.2.0.jar;C:\Users\somas\.m2\repository\org\springframework\boot\spring-boot-configuration-processor\3.2.0\spring-boot-configuration-processor-3.2.0.jar;"/>
    <property name="java.vm.vendor" value="Oracle Corporation"/>
    <property name="sun.arch.data.model" value="64"/>
    <property name="user.variant" value=""/>
    <property name="java.vendor.url" value="https://java.oracle.com/"/>
    <property name="user.timezone" value="Asia/Calcutta"/>
    <property name="org.jboss.logging.provider" value="slf4j"/>
    <property name="os.name" value="Windows 11"/>
    <property name="java.vm.specification.version" value="21"/>
    <property name="sun.java.launcher" value="SUN_STANDARD"/>
    <property name="user.country" value="IN"/>
    <property name="sun.boot.library.path" value="C:\Program Files\Java\jdk-21\bin"/>
    <property name="sun.java.command" value="C:\Users\somas\AppData\Local\Temp\surefire7165593145766268434\surefirebooter-20250626183935076_3.jar C:\Users\somas\AppData\Local\Temp\surefire7165593145766268434 2025-06-26T18-39-34_923-jvmRun1 surefire-20250626183935076_1tmp surefire_0-20250626183935076_2tmp"/>
    <property name="jdk.debug" value="release"/>
    <property name="surefire.test.class.path" value="C:\Users\somas\Desktop\AI Career Coach\backend\target\test-classes;C:\Users\somas\Desktop\AI Career Coach\backend\target\classes;C:\Users\somas\.m2\repository\org\springframework\boot\spring-boot-starter-web\3.2.0\spring-boot-starter-web-3.2.0.jar;C:\Users\somas\.m2\repository\org\springframework\boot\spring-boot-starter\3.2.0\spring-boot-starter-3.2.0.jar;C:\Users\somas\.m2\repository\org\springframework\boot\spring-boot-starter-logging\3.2.0\spring-boot-starter-logging-3.2.0.jar;C:\Users\somas\.m2\repository\ch\qos\logback\logback-classic\1.4.11\logback-classic-1.4.11.jar;C:\Users\somas\.m2\repository\ch\qos\logback\logback-core\1.4.11\logback-core-1.4.11.jar;C:\Users\somas\.m2\repository\org\apache\logging\log4j\log4j-to-slf4j\2.21.1\log4j-to-slf4j-2.21.1.jar;C:\Users\somas\.m2\repository\org\apache\logging\log4j\log4j-api\2.21.1\log4j-api-2.21.1.jar;C:\Users\somas\.m2\repository\org\slf4j\jul-to-slf4j\2.0.9\jul-to-slf4j-2.0.9.jar;C:\Users\somas\.m2\repository\jakarta\annotation\jakarta.annotation-api\2.1.1\jakarta.annotation-api-2.1.1.jar;C:\Users\somas\.m2\repository\org\yaml\snakeyaml\2.2\snakeyaml-2.2.jar;C:\Users\somas\.m2\repository\org\springframework\boot\spring-boot-starter-json\3.2.0\spring-boot-starter-json-3.2.0.jar;C:\Users\somas\.m2\repository\com\fasterxml\jackson\datatype\jackson-datatype-jdk8\2.15.3\jackson-datatype-jdk8-2.15.3.jar;C:\Users\somas\.m2\repository\com\fasterxml\jackson\datatype\jackson-datatype-jsr310\2.15.3\jackson-datatype-jsr310-2.15.3.jar;C:\Users\somas\.m2\repository\com\fasterxml\jackson\module\jackson-module-parameter-names\2.15.3\jackson-module-parameter-names-2.15.3.jar;C:\Users\somas\.m2\repository\org\springframework\boot\spring-boot-starter-tomcat\3.2.0\spring-boot-starter-tomcat-3.2.0.jar;C:\Users\somas\.m2\repository\org\apache\tomcat\embed\tomcat-embed-core\10.1.16\tomcat-embed-core-10.1.16.jar;C:\Users\somas\.m2\repository\org\apache\tomcat\embed\tomcat-embed-websocket\10.1.16\tomcat-embed-websocket-10.1.16.jar;C:\Users\somas\.m2\repository\org\springframework\spring-web\6.1.1\spring-web-6.1.1.jar;C:\Users\somas\.m2\repository\org\springframework\spring-beans\6.1.1\spring-beans-6.1.1.jar;C:\Users\somas\.m2\repository\io\micrometer\micrometer-observation\1.12.0\micrometer-observation-1.12.0.jar;C:\Users\somas\.m2\repository\io\micrometer\micrometer-commons\1.12.0\micrometer-commons-1.12.0.jar;C:\Users\somas\.m2\repository\org\springframework\spring-webmvc\6.1.1\spring-webmvc-6.1.1.jar;C:\Users\somas\.m2\repository\org\springframework\spring-context\6.1.1\spring-context-6.1.1.jar;C:\Users\somas\.m2\repository\org\springframework\spring-expression\6.1.1\spring-expression-6.1.1.jar;C:\Users\somas\.m2\repository\org\springframework\boot\spring-boot-starter-data-jpa\3.2.0\spring-boot-starter-data-jpa-3.2.0.jar;C:\Users\somas\.m2\repository\org\springframework\boot\spring-boot-starter-aop\3.2.0\spring-boot-starter-aop-3.2.0.jar;C:\Users\somas\.m2\repository\org\aspectj\aspectjweaver\1.9.20.1\aspectjweaver-1.9.20.1.jar;C:\Users\somas\.m2\repository\org\springframework\boot\spring-boot-starter-jdbc\3.2.0\spring-boot-starter-jdbc-3.2.0.jar;C:\Users\somas\.m2\repository\com\zaxxer\HikariCP\5.0.1\HikariCP-5.0.1.jar;C:\Users\somas\.m2\repository\org\springframework\spring-jdbc\6.1.1\spring-jdbc-6.1.1.jar;C:\Users\somas\.m2\repository\org\hibernate\orm\hibernate-core\6.3.1.Final\hibernate-core-6.3.1.Final.jar;C:\Users\somas\.m2\repository\jakarta\persistence\jakarta.persistence-api\3.1.0\jakarta.persistence-api-3.1.0.jar;C:\Users\somas\.m2\repository\jakarta\transaction\jakarta.transaction-api\2.0.1\jakarta.transaction-api-2.0.1.jar;C:\Users\somas\.m2\repository\org\jboss\logging\jboss-logging\3.5.3.Final\jboss-logging-3.5.3.Final.jar;C:\Users\somas\.m2\repository\org\hibernate\common\hibernate-commons-annotations\6.0.6.Final\hibernate-commons-annotations-6.0.6.Final.jar;C:\Users\somas\.m2\repository\io\smallrye\jandex\3.1.2\jandex-3.1.2.jar;C:\Users\somas\.m2\repository\com\fasterxml\classmate\1.6.0\classmate-1.6.0.jar;C:\Users\somas\.m2\repository\net\bytebuddy\byte-buddy\1.14.10\byte-buddy-1.14.10.jar;C:\Users\somas\.m2\repository\org\glassfish\jaxb\jaxb-runtime\4.0.4\jaxb-runtime-4.0.4.jar;C:\Users\somas\.m2\repository\org\glassfish\jaxb\jaxb-core\4.0.4\jaxb-core-4.0.4.jar;C:\Users\somas\.m2\repository\org\glassfish\jaxb\txw2\4.0.4\txw2-4.0.4.jar;C:\Users\somas\.m2\repository\com\sun\istack\istack-commons-runtime\4.1.2\istack-commons-runtime-4.1.2.jar;C:\Users\somas\.m2\repository\jakarta\inject\jakarta.inject-api\2.0.1\jakarta.inject-api-2.0.1.jar;C:\Users\somas\.m2\repository\org\antlr\antlr4-runtime\4.10.1\antlr4-runtime-4.10.1.jar;C:\Users\somas\.m2\repository\org\springframework\data\spring-data-jpa\3.2.0\spring-data-jpa-3.2.0.jar;C:\Users\somas\.m2\repository\org\springframework\data\spring-data-commons\3.2.0\spring-data-commons-3.2.0.jar;C:\Users\somas\.m2\repository\org\springframework\spring-orm\6.1.1\spring-orm-6.1.1.jar;C:\Users\somas\.m2\repository\org\springframework\spring-tx\6.1.1\spring-tx-6.1.1.jar;C:\Users\somas\.m2\repository\org\slf4j\slf4j-api\2.0.9\slf4j-api-2.0.9.jar;C:\Users\somas\.m2\repository\org\springframework\spring-aspects\6.1.1\spring-aspects-6.1.1.jar;C:\Users\somas\.m2\repository\org\springframework\boot\spring-boot-starter-security\3.2.0\spring-boot-starter-security-3.2.0.jar;C:\Users\somas\.m2\repository\org\springframework\spring-aop\6.1.1\spring-aop-6.1.1.jar;C:\Users\somas\.m2\repository\org\springframework\security\spring-security-config\6.2.0\spring-security-config-6.2.0.jar;C:\Users\somas\.m2\repository\org\springframework\security\spring-security-web\6.2.0\spring-security-web-6.2.0.jar;C:\Users\somas\.m2\repository\org\springframework\boot\spring-boot-starter-validation\3.2.0\spring-boot-starter-validation-3.2.0.jar;C:\Users\somas\.m2\repository\org\apache\tomcat\embed\tomcat-embed-el\10.1.16\tomcat-embed-el-10.1.16.jar;C:\Users\somas\.m2\repository\org\hibernate\validator\hibernate-validator\8.0.1.Final\hibernate-validator-8.0.1.Final.jar;C:\Users\somas\.m2\repository\jakarta\validation\jakarta.validation-api\3.0.2\jakarta.validation-api-3.0.2.jar;C:\Users\somas\.m2\repository\org\springframework\boot\spring-boot-starter-mail\3.2.0\spring-boot-starter-mail-3.2.0.jar;C:\Users\somas\.m2\repository\org\springframework\spring-context-support\6.1.1\spring-context-support-6.1.1.jar;C:\Users\somas\.m2\repository\org\eclipse\angus\jakarta.mail\2.0.2\jakarta.mail-2.0.2.jar;C:\Users\somas\.m2\repository\jakarta\activation\jakarta.activation-api\2.1.2\jakarta.activation-api-2.1.2.jar;C:\Users\somas\.m2\repository\org\eclipse\angus\angus-activation\2.0.1\angus-activation-2.0.1.jar;C:\Users\somas\.m2\repository\com\h2database\h2\2.2.224\h2-2.2.224.jar;C:\Users\somas\.m2\repository\org\postgresql\postgresql\42.6.0\postgresql-42.6.0.jar;C:\Users\somas\.m2\repository\org\checkerframework\checker-qual\3.31.0\checker-qual-3.31.0.jar;C:\Users\somas\.m2\repository\io\jsonwebtoken\jjwt-api\0.11.5\jjwt-api-0.11.5.jar;C:\Users\somas\.m2\repository\io\jsonwebtoken\jjwt-impl\0.11.5\jjwt-impl-0.11.5.jar;C:\Users\somas\.m2\repository\io\jsonwebtoken\jjwt-jackson\0.11.5\jjwt-jackson-0.11.5.jar;C:\Users\somas\.m2\repository\org\springdoc\springdoc-openapi-starter-webmvc-ui\2.2.0\springdoc-openapi-starter-webmvc-ui-2.2.0.jar;C:\Users\somas\.m2\repository\org\springdoc\springdoc-openapi-starter-webmvc-api\2.2.0\springdoc-openapi-starter-webmvc-api-2.2.0.jar;C:\Users\somas\.m2\repository\org\springdoc\springdoc-openapi-starter-common\2.2.0\springdoc-openapi-starter-common-2.2.0.jar;C:\Users\somas\.m2\repository\io\swagger\core\v3\swagger-core-jakarta\2.2.15\swagger-core-jakarta-2.2.15.jar;C:\Users\somas\.m2\repository\io\swagger\core\v3\swagger-annotations-jakarta\2.2.15\swagger-annotations-jakarta-2.2.15.jar;C:\Users\somas\.m2\repository\io\swagger\core\v3\swagger-models-jakarta\2.2.15\swagger-models-jakarta-2.2.15.jar;C:\Users\somas\.m2\repository\com\fasterxml\jackson\dataformat\jackson-dataformat-yaml\2.15.3\jackson-dataformat-yaml-2.15.3.jar;C:\Users\somas\.m2\repository\org\webjars\swagger-ui\5.2.0\swagger-ui-5.2.0.jar;C:\Users\somas\.m2\repository\org\apache\commons\commons-lang3\3.13.0\commons-lang3-3.13.0.jar;C:\Users\somas\.m2\repository\com\fasterxml\jackson\core\jackson-databind\2.15.3\jackson-databind-2.15.3.jar;C:\Users\somas\.m2\repository\com\fasterxml\jackson\core\jackson-annotations\2.15.3\jackson-annotations-2.15.3.jar;C:\Users\somas\.m2\repository\com\fasterxml\jackson\core\jackson-core\2.15.3\jackson-core-2.15.3.jar;C:\Users\somas\.m2\repository\org\springframework\boot\spring-boot-starter-test\3.2.0\spring-boot-starter-test-3.2.0.jar;C:\Users\somas\.m2\repository\org\springframework\boot\spring-boot-test\3.2.0\spring-boot-test-3.2.0.jar;C:\Users\somas\.m2\repository\org\springframework\boot\spring-boot-test-autoconfigure\3.2.0\spring-boot-test-autoconfigure-3.2.0.jar;C:\Users\somas\.m2\repository\com\jayway\jsonpath\json-path\2.8.0\json-path-2.8.0.jar;C:\Users\somas\.m2\repository\jakarta\xml\bind\jakarta.xml.bind-api\4.0.1\jakarta.xml.bind-api-4.0.1.jar;C:\Users\somas\.m2\repository\net\minidev\json-smart\2.5.0\json-smart-2.5.0.jar;C:\Users\somas\.m2\repository\net\minidev\accessors-smart\2.5.0\accessors-smart-2.5.0.jar;C:\Users\somas\.m2\repository\org\ow2\asm\asm\9.3\asm-9.3.jar;C:\Users\somas\.m2\repository\org\assertj\assertj-core\3.24.2\assertj-core-3.24.2.jar;C:\Users\somas\.m2\repository\org\awaitility\awaitility\4.2.0\awaitility-4.2.0.jar;C:\Users\somas\.m2\repository\org\hamcrest\hamcrest\2.2\hamcrest-2.2.jar;C:\Users\somas\.m2\repository\org\junit\jupiter\junit-jupiter\5.10.1\junit-jupiter-5.10.1.jar;C:\Users\somas\.m2\repository\org\junit\jupiter\junit-jupiter-api\5.10.1\junit-jupiter-api-5.10.1.jar;C:\Users\somas\.m2\repository\org\opentest4j\opentest4j\1.3.0\opentest4j-1.3.0.jar;C:\Users\somas\.m2\repository\org\junit\platform\junit-platform-commons\1.10.1\junit-platform-commons-1.10.1.jar;C:\Users\somas\.m2\repository\org\apiguardian\apiguardian-api\1.1.2\apiguardian-api-1.1.2.jar;C:\Users\somas\.m2\repository\org\junit\jupiter\junit-jupiter-params\5.10.1\junit-jupiter-params-5.10.1.jar;C:\Users\somas\.m2\repository\org\junit\jupiter\junit-jupiter-engine\5.10.1\junit-jupiter-engine-5.10.1.jar;C:\Users\somas\.m2\repository\org\junit\platform\junit-platform-engine\1.10.1\junit-platform-engine-1.10.1.jar;C:\Users\somas\.m2\repository\org\mockito\mockito-core\5.7.0\mockito-core-5.7.0.jar;C:\Users\somas\.m2\repository\net\bytebuddy\byte-buddy-agent\1.14.10\byte-buddy-agent-1.14.10.jar;C:\Users\somas\.m2\repository\org\objenesis\objenesis\3.3\objenesis-3.3.jar;C:\Users\somas\.m2\repository\org\mockito\mockito-junit-jupiter\5.7.0\mockito-junit-jupiter-5.7.0.jar;C:\Users\somas\.m2\repository\org\skyscreamer\jsonassert\1.5.1\jsonassert-1.5.1.jar;C:\Users\somas\.m2\repository\com\vaadin\external\google\android-json\0.0.20131108.vaadin1\android-json-0.0.20131108.vaadin1.jar;C:\Users\somas\.m2\repository\org\springframework\spring-core\6.1.1\spring-core-6.1.1.jar;C:\Users\somas\.m2\repository\org\springframework\spring-jcl\6.1.1\spring-jcl-6.1.1.jar;C:\Users\somas\.m2\repository\org\springframework\spring-test\6.1.1\spring-test-6.1.1.jar;C:\Users\somas\.m2\repository\org\xmlunit\xmlunit-core\2.9.1\xmlunit-core-2.9.1.jar;C:\Users\somas\.m2\repository\org\springframework\security\spring-security-test\6.2.0\spring-security-test-6.2.0.jar;C:\Users\somas\.m2\repository\org\springframework\security\spring-security-core\6.2.0\spring-security-core-6.2.0.jar;C:\Users\somas\.m2\repository\org\springframework\security\spring-security-crypto\6.2.0\spring-security-crypto-6.2.0.jar;C:\Users\somas\.m2\repository\org\testcontainers\postgresql\1.19.3\postgresql-1.19.3.jar;C:\Users\somas\.m2\repository\org\testcontainers\jdbc\1.19.3\jdbc-1.19.3.jar;C:\Users\somas\.m2\repository\org\testcontainers\database-commons\1.19.3\database-commons-1.19.3.jar;C:\Users\somas\.m2\repository\org\testcontainers\junit-jupiter\1.19.3\junit-jupiter-1.19.3.jar;C:\Users\somas\.m2\repository\org\testcontainers\testcontainers\1.19.3\testcontainers-1.19.3.jar;C:\Users\somas\.m2\repository\junit\junit\4.13.2\junit-4.13.2.jar;C:\Users\somas\.m2\repository\org\hamcrest\hamcrest-core\2.2\hamcrest-core-2.2.jar;C:\Users\somas\.m2\repository\org\apache\commons\commons-compress\1.24.0\commons-compress-1.24.0.jar;C:\Users\somas\.m2\repository\org\rnorth\duct-tape\duct-tape\1.0.8\duct-tape-1.0.8.jar;C:\Users\somas\.m2\repository\org\jetbrains\annotations\17.0.0\annotations-17.0.0.jar;C:\Users\somas\.m2\repository\com\github\docker-java\docker-java-api\3.3.4\docker-java-api-3.3.4.jar;C:\Users\somas\.m2\repository\com\github\docker-java\docker-java-transport-zerodep\3.3.4\docker-java-transport-zerodep-3.3.4.jar;C:\Users\somas\.m2\repository\com\github\docker-java\docker-java-transport\3.3.4\docker-java-transport-3.3.4.jar;C:\Users\somas\.m2\repository\net\java\dev\jna\jna\5.13.0\jna-5.13.0.jar;C:\Users\somas\.m2\repository\org\springframework\boot\spring-boot-devtools\3.2.0\spring-boot-devtools-3.2.0.jar;C:\Users\somas\.m2\repository\org\springframework\boot\spring-boot\3.2.0\spring-boot-3.2.0.jar;C:\Users\somas\.m2\repository\org\springframework\boot\spring-boot-autoconfigure\3.2.0\spring-boot-autoconfigure-3.2.0.jar;C:\Users\somas\.m2\repository\org\springframework\boot\spring-boot-configuration-processor\3.2.0\spring-boot-configuration-processor-3.2.0.jar;"/>
    <property name="sun.cpu.endian" value="little"/>
    <property name="user.home" value="C:\Users\somas"/>
    <property name="user.language" value="en"/>
    <property name="java.specification.vendor" value="Oracle Corporation"/>
    <property name="java.version.date" value="2025-04-15"/>
    <property name="java.home" value="C:\Program Files\Java\jdk-21"/>
    <property name="file.separator" value="\"/>
    <property name="basedir" value="C:\Users\somas\Desktop\AI Career Coach\backend"/>
    <property name="java.vm.compressedOopsMode" value="Zero based"/>
    <property name="line.separator" value="&#10;"/>
    <property name="java.vm.specification.vendor" value="Oracle Corporation"/>
    <property name="java.specification.name" value="Java Platform API Specification"/>
    <property name="FILE_LOG_CHARSET" value="UTF-8"/>
    <property name="java.awt.headless" value="true"/>
    <property name="surefire.real.class.path" value="C:\Users\somas\AppData\Local\Temp\surefire7165593145766268434\surefirebooter-20250626183935076_3.jar"/>
    <property name="user.script" value=""/>
    <property name="sun.management.compiler" value="HotSpot 64-Bit Tiered Compilers"/>
    <property name="java.runtime.version" value="21.0.7+8-LTS-245"/>
    <property name="user.name" value="somas"/>
    <property name="stdout.encoding" value="Cp1252"/>
    <property name="path.separator" value=";"/>
    <property name="os.version" value="10.0"/>
    <property name="java.runtime.name" value="Java(TM) SE Runtime Environment"/>
    <property name="file.encoding" value="UTF-8"/>
    <property name="java.vm.name" value="Java HotSpot(TM) 64-Bit Server VM"/>
    <property name="localRepository" value="C:\Users\somas\.m2\repository"/>
    <property name="java.vendor.url.bug" value="https://bugreport.java.com/bugreport/"/>
    <property name="java.io.tmpdir" value="C:\Users\somas\AppData\Local\Temp\"/>
    <property name="com.zaxxer.hikari.pool_number" value="1"/>
    <property name="java.version" value="21.0.7"/>
    <property name="user.dir" value="C:\Users\somas\Desktop\AI Career Coach\backend"/>
    <property name="os.arch" value="amd64"/>
    <property name="java.vm.specification.name" value="Java Virtual Machine Specification"/>
    <property name="PID" value="9680"/>
    <property name="sun.os.patch.level" value=""/>
    <property name="CONSOLE_LOG_CHARSET" value="UTF-8"/>
    <property name="native.encoding" value="Cp1252"/>
    <property name="java.library.path" value="C:\Program Files\Java\jdk-21\bin;C:\WINDOWS\Sun\Java\bin;C:\WINDOWS\system32;C:\WINDOWS;C:\ProgramData\chocolatey\lib\maven\apache-maven-3.9.10\bin;C:\Program Files\Common Files\Oracle\Java\javapath;C:\WINDOWS\system32;C:\WINDOWS;C:\WINDOWS\System32\Wbem;C:\WINDOWS\System32\WindowsPowerShell\v1.0\;C:\WINDOWS\System32\OpenSSH\;C:\Program Files\nodejs\;C:\ProgramData\chocolatey\bin;C:\Program Files\Git\cmd;C:\Users\somas\AppData\Local\Programs\Python\Python310\Scripts\;C:\Users\somas\AppData\Local\Programs\Python\Python310\;C:\Users\somas\AppData\Local\Microsoft\WindowsApps;C:\Users\somas\AppData\Roaming\npm;C:\Users\somas\AppData\Local\Programs\Microsoft VS Code\bin;C:\Users\somas\AppData\Local\Programs\cursor\resources\app\bin;C:\Program Files\JetBrains\IntelliJ IDEA Community Edition 2025.1.3\bin;;c:\Users\somas\AppData\Roaming\Cursor\User\globalStorage\github.copilot-chat\debugCommand;."/>
    <property name="java.vm.info" value="mixed mode, sharing"/>
    <property name="stderr.encoding" value="Cp1252"/>
    <property name="java.vendor" value="Oracle Corporation"/>
    <property name="java.vm.version" value="21.0.7+8-LTS-245"/>
    <property name="sun.io.unicode.encoding" value="UnicodeLittle"/>
    <property name="java.class.version" value="65.0"/>
    <property name="CONSOLE_LOG_PATTERN" value="%d{yyyy-MM-dd HH:mm:ss} - %msg%n"/>
    <property name="LOGGED_APPLICATION_NAME" value="[ai-career-coach-backend] "/>
  </properties>
  <testcase name="contextLoads" classname="com.aicareercoach.AiCareerCoachApplicationTests" time="0.846">
    <system-out><![CDATA[18:39:36.378 [main] INFO org.springframework.test.context.support.AnnotationConfigContextLoaderUtils -- Could not detect default configuration classes for test class [com.aicareercoach.AiCareerCoachApplicationTests]: AiCareerCoachApplicationTests does not declare any static, non-private, non-final, nested classes annotated with @Configuration.
18:39:36.513 [main] INFO org.springframework.boot.test.context.SpringBootTestContextBootstrapper -- Found @SpringBootConfiguration com.aicareercoach.AiCareerCoachApplication for test class com.aicareercoach.AiCareerCoachApplicationTests
18:39:36.748 [main] INFO org.springframework.boot.devtools.restart.RestartApplicationListener -- Restart disabled due to context in which it is running

  .   ____          _            __ _ _
 /\\ / ___'_ __ _ _(_)_ __  __ _ \ \ \ \
( ( )\___ | '_ | '_| | '_ \/ _` | \ \ \ \
 \\/  ___)| |_)| | | | | || (_| |  ) ) ) )
  '  |____| .__|_| |_|_| |_\__, | / / / /
 =========|_|==============|___/=/_/_/_/
 :: Spring Boot ::                (v3.2.0)

2025-06-26 18:39:37 - Starting AiCareerCoachApplicationTests using Java 21.0.7 with PID 9680 (started by somas in C:\Users\somas\Desktop\AI Career Coach\backend)
2025-06-26 18:39:37 - Running with Spring Boot v3.2.0, Spring v6.1.1
2025-06-26 18:39:37 - No active profile set, falling back to 1 default profile: "default"
2025-06-26 18:39:38 - Bootstrapping Spring Data JPA repositories in DEFAULT mode.
2025-06-26 18:39:39 - Finished Spring Data repository scanning in 109 ms. Found 6 JPA repository interfaces.
2025-06-26 18:39:40 - HHH000204: Processing PersistenceUnitInfo [name: default]
2025-06-26 18:39:40 - HHH000412: Hibernate ORM core version 6.3.1.Final
2025-06-26 18:39:40 - HHH000026: Second-level cache disabled
2025-06-26 18:39:41 - No LoadTimeWeaver setup: ignoring JPA class transformer
2025-06-26 18:39:41 - HikariPool-1 - Starting...
2025-06-26 18:39:41 - HikariPool-1 - Added connection conn0: url=jdbc:h2:mem:ai_career_coach user=SA
2025-06-26 18:39:41 - HikariPool-1 - Start completed.
2025-06-26 18:39:41 - HHH90000025: H2Dialect does not need to be specified explicitly using 'hibernate.dialect' (remove the property setting and it will be selected by default)
2025-06-26 18:39:43 - HHH000489: No JTA platform available (set 'hibernate.transaction.jta.platform' to enable JTA platform integration)
2025-06-26 18:39:43 - 
    drop table if exists "goals" cascade 
Hibernate: 
    drop table if exists "goals" cascade 
2025-06-26 18:39:43 - 
    drop table if exists "life_event_logs" cascade 
Hibernate: 
    drop table if exists "life_event_logs" cascade 
2025-06-26 18:39:43 - 
    drop table if exists "mood_logs" cascade 
Hibernate: 
    drop table if exists "mood_logs" cascade 
2025-06-26 18:39:43 - 
    drop table if exists "roadmaps" cascade 
Hibernate: 
    drop table if exists "roadmaps" cascade 
2025-06-26 18:39:43 - 
    drop table if exists "tasks" cascade 
Hibernate: 
    drop table if exists "tasks" cascade 
2025-06-26 18:39:43 - 
    drop table if exists "user_skills" cascade 
Hibernate: 
    drop table if exists "user_skills" cascade 
2025-06-26 18:39:43 - 
    drop table if exists "users" cascade 
Hibernate: 
    drop table if exists "users" cascade 
2025-06-26 18:39:43 - 
    create table "goals" (
        "created_at" timestamp(6) not null,
        "id" bigint generated by default as identity,
        "target_date" timestamp(6),
        "updated_at" timestamp(6),
        "user_id" bigint not null,
        "description" varchar(1000),
        "status" varchar(255) not null,
        "title" varchar(255) not null,
        primary key ("id")
    )
Hibernate: 
    create table "goals" (
        "created_at" timestamp(6) not null,
        "id" bigint generated by default as identity,
        "target_date" timestamp(6),
        "updated_at" timestamp(6),
        "user_id" bigint not null,
        "description" varchar(1000),
        "status" varchar(255) not null,
        "title" varchar(255) not null,
        primary key ("id")
    )
2025-06-26 18:39:43 - 
    create table "life_event_logs" (
        "created_at" timestamp(6) not null,
        "id" bigint generated by default as identity,
        "user_id" bigint not null,
        "event" varchar(255) not null,
        primary key ("id")
    )
Hibernate: 
    create table "life_event_logs" (
        "created_at" timestamp(6) not null,
        "id" bigint generated by default as identity,
        "user_id" bigint not null,
        "event" varchar(255) not null,
        primary key ("id")
    )
2025-06-26 18:39:43 - 
    create table "mood_logs" (
        "created_at" timestamp(6) not null,
        "id" bigint generated by default as identity,
        "user_id" bigint not null,
        "mood" varchar(255) not null,
        primary key ("id")
    )
Hibernate: 
    create table "mood_logs" (
        "created_at" timestamp(6) not null,
        "id" bigint generated by default as identity,
        "user_id" bigint not null,
        "mood" varchar(255) not null,
        primary key ("id")
    )
2025-06-26 18:39:43 - 
    create table "roadmaps" (
        "estimated_duration_weeks" integer,
        "created_at" timestamp(6) not null,
        "goal_id" bigint not null,
        "id" bigint generated by default as identity,
        "updated_at" timestamp(6),
        "user_id" bigint not null,
        "description" varchar(1000),
        "title" varchar(255) not null,
        primary key ("id")
    )
Hibernate: 
    create table "roadmaps" (
        "estimated_duration_weeks" integer,
        "created_at" timestamp(6) not null,
        "goal_id" bigint not null,
        "id" bigint generated by default as identity,
        "updated_at" timestamp(6),
        "user_id" bigint not null,
        "description" varchar(1000),
        "title" varchar(255) not null,
        primary key ("id")
    )
2025-06-26 18:39:43 - 
    create table "tasks" (
        "estimated_duration_minutes" integer,
        "priority" integer,
        "completed_at" timestamp(6),
        "created_at" timestamp(6) not null,
        "due_date" timestamp(6),
        "id" bigint generated by default as identity,
        "roadmap_id" bigint not null,
        "updated_at" timestamp(6),
        "user_id" bigint not null,
        "description" varchar(1000),
        "status" varchar(255) not null,
        "title" varchar(255) not null,
        primary key ("id")
    )
Hibernate: 
    create table "tasks" (
        "estimated_duration_minutes" integer,
        "priority" integer,
        "completed_at" timestamp(6),
        "created_at" timestamp(6) not null,
        "due_date" timestamp(6),
        "id" bigint generated by default as identity,
        "roadmap_id" bigint not null,
        "updated_at" timestamp(6),
        "user_id" bigint not null,
        "description" varchar(1000),
        "status" varchar(255) not null,
        "title" varchar(255) not null,
        primary key ("id")
    )
2025-06-26 18:39:43 - 
    create table "user_skills" (
        "is_target_skill" boolean,
        "years_of_experience" integer,
        "created_at" timestamp(6) not null,
        "id" bigint generated by default as identity,
        "user_id" bigint not null,
        "proficiency_level" varchar(255),
        "skill_name" varchar(255) not null,
        primary key ("id")
    )
Hibernate: 
    create table "user_skills" (
        "is_target_skill" boolean,
        "years_of_experience" integer,
        "created_at" timestamp(6) not null,
        "id" bigint generated by default as identity,
        "user_id" bigint not null,
        "proficiency_level" varchar(255),
        "skill_name" varchar(255) not null,
        primary key ("id")
    )
2025-06-26 18:39:43 - 
    create table "users" (
        "current_salary" float(53),
        "email_verified" boolean,
        "is_active" boolean,
        "preferred_work_hours_per_day" integer,
        "years_of_experience" integer,
        "created_at" timestamp(6) not null,
        "date_of_birth" timestamp(6),
        "id" bigint generated by default as identity,
        "last_login" timestamp(6),
        "updated_at" timestamp(6),
        "bio" varchar(1000),
        "current_company" varchar(255),
        "current_role" varchar(255) check ("current_role" in ('TECH_SUPPORT','SOFTWARE_DEVELOPER','FULL_STACK_DEVELOPER','FRONTEND_DEVELOPER','BACKEND_DEVELOPER','DATA_SCIENTIST','DEVOPS_ENGINEER','PRODUCT_MANAGER','UI_UX_DESIGNER','QA_ENGINEER','SYSTEM_ADMINISTRATOR','NETWORK_ENGINEER','SECURITY_ANALYST','BUSINESS_ANALYST','PROJECT_MANAGER','OTHER')),
        "email" varchar(255) not null unique,
        "first_name" varchar(255) not null,
        "gender" varchar(255) check ("gender" in ('MALE','FEMALE','OTHER','PREFER_NOT_TO_SAY')),
        "last_name" varchar(255) not null,
        "location" varchar(255),
        "password" varchar(255) not null,
        "phone_number" varchar(255),
        "profile_picture_url" varchar(255),
        "timezone" varchar(255),
        primary key ("id")
    )
Hibernate: 
    create table "users" (
        "current_salary" float(53),
        "email_verified" boolean,
        "is_active" boolean,
        "preferred_work_hours_per_day" integer,
        "years_of_experience" integer,
        "created_at" timestamp(6) not null,
        "date_of_birth" timestamp(6),
        "id" bigint generated by default as identity,
        "last_login" timestamp(6),
        "updated_at" timestamp(6),
        "bio" varchar(1000),
        "current_company" varchar(255),
        "current_role" varchar(255) check ("current_role" in ('TECH_SUPPORT','SOFTWARE_DEVELOPER','FULL_STACK_DEVELOPER','FRONTEND_DEVELOPER','BACKEND_DEVELOPER','DATA_SCIENTIST','DEVOPS_ENGINEER','PRODUCT_MANAGER','UI_UX_DESIGNER','QA_ENGINEER','SYSTEM_ADMINISTRATOR','NETWORK_ENGINEER','SECURITY_ANALYST','BUSINESS_ANALYST','PROJECT_MANAGER','OTHER')),
        "email" varchar(255) not null unique,
        "first_name" varchar(255) not null,
        "gender" varchar(255) check ("gender" in ('MALE','FEMALE','OTHER','PREFER_NOT_TO_SAY')),
        "last_name" varchar(255) not null,
        "location" varchar(255),
        "password" varchar(255) not null,
        "phone_number" varchar(255),
        "profile_picture_url" varchar(255),
        "timezone" varchar(255),
        primary key ("id")
    )
2025-06-26 18:39:43 - 
    alter table if exists "goals" 
       add constraint "FK97tq9emycw5mr2du61owbonl4" 
       foreign key ("user_id") 
       references "users"
Hibernate: 
    alter table if exists "goals" 
       add constraint "FK97tq9emycw5mr2du61owbonl4" 
       foreign key ("user_id") 
       references "users"
2025-06-26 18:39:43 - 
    alter table if exists "life_event_logs" 
       add constraint "FKhro8uhsoggpwet3e76j234cew" 
       foreign key ("user_id") 
       references "users"
Hibernate: 
    alter table if exists "life_event_logs" 
       add constraint "FKhro8uhsoggpwet3e76j234cew" 
       foreign key ("user_id") 
       references "users"
2025-06-26 18:39:43 - 
    alter table if exists "mood_logs" 
       add constraint "FKrhsiyk7mewx1gnym6ds5mfo0x" 
       foreign key ("user_id") 
       references "users"
Hibernate: 
    alter table if exists "mood_logs" 
       add constraint "FKrhsiyk7mewx1gnym6ds5mfo0x" 
       foreign key ("user_id") 
       references "users"
2025-06-26 18:39:43 - 
    alter table if exists "roadmaps" 
       add constraint "FK2smmfyn7wlsmvtj1tte0fc75e" 
       foreign key ("goal_id") 
       references "goals"
Hibernate: 
    alter table if exists "roadmaps" 
       add constraint "FK2smmfyn7wlsmvtj1tte0fc75e" 
       foreign key ("goal_id") 
       references "goals"
2025-06-26 18:39:43 - 
    alter table if exists "roadmaps" 
       add constraint "FKlth1vynyq7fo42yrubd1msy3k" 
       foreign key ("user_id") 
       references "users"
Hibernate: 
    alter table if exists "roadmaps" 
       add constraint "FKlth1vynyq7fo42yrubd1msy3k" 
       foreign key ("user_id") 
       references "users"
2025-06-26 18:39:43 - 
    alter table if exists "tasks" 
       add constraint "FKje40b0sy0ps5kjaqh7j28o39c" 
       foreign key ("roadmap_id") 
       references "roadmaps"
Hibernate: 
    alter table if exists "tasks" 
       add constraint "FKje40b0sy0ps5kjaqh7j28o39c" 
       foreign key ("roadmap_id") 
       references "roadmaps"
2025-06-26 18:39:43 - 
    alter table if exists "tasks" 
       add constraint "FKerjv7s3gg14l9r6fug99597vq" 
       foreign key ("user_id") 
       references "users"
Hibernate: 
    alter table if exists "tasks" 
       add constraint "FKerjv7s3gg14l9r6fug99597vq" 
       foreign key ("user_id") 
       references "users"
2025-06-26 18:39:43 - 
    alter table if exists "user_skills" 
       add constraint "FK6clqgaign5ehp2g6nwuqewr06" 
       foreign key ("user_id") 
       references "users"
Hibernate: 
    alter table if exists "user_skills" 
       add constraint "FK6clqgaign5ehp2g6nwuqewr06" 
       foreign key ("user_id") 
       references "users"
2025-06-26 18:39:43 - Initialized JPA EntityManagerFactory for persistence unit 'default'
2025-06-26 18:39:44 - spring.jpa.open-in-view is enabled by default. Therefore, database queries may be performed during view rendering. Explicitly configure spring.jpa.open-in-view to disable this warning
2025-06-26 18:39:45 - Will secure any request with [org.springframework.security.web.session.DisableEncodeUrlFilter@46bbcb82, org.springframework.security.web.context.request.async.WebAsyncManagerIntegrationFilter@b91e024, org.springframework.security.web.context.SecurityContextHolderFilter@4d1f6e1c, org.springframework.security.web.header.HeaderWriterFilter@304933cb, org.springframework.web.filter.CorsFilter@309ac89e, org.springframework.security.web.authentication.logout.LogoutFilter@628b1538, org.springframework.security.web.savedrequest.RequestCacheAwareFilter@42c9f2cd, org.springframework.security.web.servletapi.SecurityContextHolderAwareRequestFilter@797c67c, org.springframework.security.web.authentication.AnonymousAuthenticationFilter@2db0dd19, org.springframework.security.web.access.ExceptionTranslationFilter@443d94ae, org.springframework.security.web.access.intercept.AuthorizationFilter@5a02fca5]
2025-06-26 18:39:46 - H2 console available at '/h2-console'. Database available at 'jdbc:h2:mem:ai_career_coach'
2025-06-26 18:39:46 - Started AiCareerCoachApplicationTests in 9.501 seconds (process running for 11.015)
]]></system-out>
    <system-err><![CDATA[WARNING: A Java agent has been loaded dynamically (C:\Users\somas\.m2\repository\net\bytebuddy\byte-buddy-agent\1.14.10\byte-buddy-agent-1.14.10.jar)
WARNING: If a serviceability tool is in use, please run with -XX:+EnableDynamicAgentLoading to hide this warning
WARNING: If a serviceability tool is not in use, please run with -Djdk.instrument.traceUsage for more information
WARNING: Dynamic loading of agents will be disallowed by default in a future release
]]></system-err>
  </testcase>
</testsuite>